<?xml version="1.0" encoding="UTF-8"?>
<testng-results skipped="0" failed="0" ignored="0" total="1" passed="1">
  <reporter-output>
  </reporter-output>
  <suite name="Default suite" duration-ms="120815" started-at="2017-07-17T10:34:40Z" finished-at="2017-07-17T10:36:41Z">
    <groups>
    </groups>
    <test name="Default test" duration-ms="120815" started-at="2017-07-17T10:34:40Z" finished-at="2017-07-17T10:36:41Z">
      <class name="TestCases.level3">
        <test-method status="PASS" signature="setUp()[pri:0, instance:TestCases.level3@60c6f5b]" name="setUp" is-config="true" duration-ms="8550" started-at="2017-07-17T16:04:40Z" finished-at="2017-07-17T16:04:49Z">
          <reporter-output>
          </reporter-output>
        </test-method> <!-- setUp -->
        <test-method status="PASS" signature="level3_case()[pri:0, instance:TestCases.level3@60c6f5b]" name="level3_case" duration-ms="110558" started-at="2017-07-17T16:04:49Z" finished-at="2017-07-17T16:06:39Z">
          <reporter-output>
          </reporter-output>
        </test-method> <!-- level3_case -->
        <test-method status="PASS" signature="teardown()[pri:0, instance:TestCases.level3@60c6f5b]" name="teardown" is-config="true" duration-ms="1691" started-at="2017-07-17T16:06:39Z" finished-at="2017-07-17T16:06:41Z">
          <reporter-output>
          </reporter-output>
        </test-method> <!-- teardown -->
      </class> <!-- TestCases.level3 -->
    </test> <!-- Default test -->
  </suite> <!-- Default suite -->
</testng-results>
